Build started 18/10/2014 16:57:28.
     1>Project "C:\Users\RainbowDashDC\Desktop\embeder\embeder.vcxproj" on node 2 (Rebuild target(s)).
     1>ClCompile:
         C:\Program Files (x86)\Microsoft Visual Studio 12.0\VC\bin\CL.exe /c /nologo /W3 /WX- /Ox /Oy- /D WIN32 /D _DEBUG /D _CONSOLE /D _VC80_UPGRADE=0x0600 /D _MBCS /Gm- /EHsc /MDd /GS /Gy- /fp:precise /Zc:wchar_t /Zc:forScope /Fo".\Debug_console\\" /Fd".\Debug_console\vc120.pdb" /FR"Debug console\\" /Gd /TP /analyze- /errorReport:prompt embeder.cpp
         embeder.cpp
     1>C:\Program Files (x86)\Microsoft Visual Studio 12.0\VC\include\stdio.h(622): warning C4273: 'getwchar' : inconsistent dll linkage
                 C:\Program Files (x86)\Microsoft Visual Studio 12.0\VC\include\stdio.h(422) : see previous definition of 'getwchar'
     1>C:\Program Files (x86)\Microsoft Visual Studio 12.0\VC\include\stdio.h(624): warning C4273: 'putwchar' : inconsistent dll linkage
                 C:\Program Files (x86)\Microsoft Visual Studio 12.0\VC\include\stdio.h(424) : see previous definition of 'putwchar'
       ResourceCompile:
         C:\Program Files (x86)\Windows Kits\8.1\bin\x86\rc.exe /D _DEBUG /D _VC80_UPGRADE=0x0600 /l"0x040c" /nologo /fo"Debug console\embeder.res" embeder.rc 
     1>C:\Program Files (x86)\MSBuild\Microsoft.Cpp\v4.0\V120\Microsoft.CppBuild.targets(1193,5): warning MSB8012: TargetPath(C:\Users\RainbowDashDC\Desktop\embeder\Debug console\embeder.exe) does not match the Linker's OutputFile property value (C:\Users\RainbowDashDC\Desktop\embeder\out\console_debug.exe). This may cause your project to build incorrectly. To correct this, please make sure that $(OutDir), $(TargetName) and $(TargetExt) property values match the value specified in %(Link.OutputFile).
     1>C:\Program Files (x86)\MSBuild\Microsoft.Cpp\v4.0\V120\Microsoft.CppBuild.targets(1195,5): warning MSB8012: TargetName(embeder) does not match the Linker's OutputFile property value (console_debug). This may cause your project to build incorrectly. To correct this, please make sure that $(OutDir), $(TargetName) and $(TargetExt) property values match the value specified in %(Link.OutputFile).
       Link:
         C:\Program Files (x86)\Microsoft Visual Studio 12.0\VC\bin\link.exe /ERRORREPORT:PROMPT /OUT:"out/console_debug.exe" /INCREMENTAL /NOLOGO php5embed.lib php5ts.lib kernel32.lib user32.lib gdi32.lib winspool.lib comdlg32.lib advapi32.lib shell32.lib ole32.lib oleaut32.lib uuid.lib odbc32.lib odbccp32.lib /MANIFEST /MANIFESTUAC:"level='asInvoker' uiAccess='false'" /manifest:embed /DEBUG /PDB:"C:\Users\RainbowDashDC\Desktop\embeder\Debug console\embeder.pdb" /SUBSYSTEM:CONSOLE /TLBID:1 /DYNAMICBASE /NXCOMPAT /IMPLIB:"C:\Users\RainbowDashDC\Desktop\embeder\Debug console\embeder.lib" /MACHINE:X86 /SAFESEH "Debug console\embeder.res"
         .\Debug_console\embeder.obj
         LINK : program database C:\Users\RainbowDashDC\Desktop\embeder\Debug console\embeder.pdb missing; performing full link
            Creating library C:\Users\RainbowDashDC\Desktop\embeder\Debug console\embeder.lib and object C:\Users\RainbowDashDC\Desktop\embeder\Debug console\embeder.exp
     1>LINK : warning LNK4098: defaultlib 'MSVCRT' conflicts with use of other libs; use /NODEFAULTLIB:library
         embeder.vcxproj -> C:\Users\RainbowDashDC\Desktop\embeder\Debug console\embeder.exe
       BscMake:
         C:\Program Files (x86)\Microsoft Visual Studio 12.0\VC\bin\bscmake.exe /nologo /o".\Debug_console\embeder.bsc" "Debug console\embeder.sbr"
     1>Done Building Project "C:\Users\RainbowDashDC\Desktop\embeder\embeder.vcxproj" (Rebuild target(s)).

Build succeeded.

Time Elapsed 00:00:13.35
